<?xml version="1.0" encoding="UTF-8"?>
<testsuite name="com.eattoday.Eattoday.chat.ChatControllerIntegrationTest" tests="1" skipped="0" failures="0" errors="0" timestamp="2025-03-26T13:20:22" hostname="MacBook-Air-3.local" time="0.663">
  <properties/>
  <testcase name="testChatMessageProcessing()" classname="com.eattoday.Eattoday.chat.ChatControllerIntegrationTest" time="0.663"/>
  <system-out><![CDATA[22:20:20.332 [Test worker] INFO org.springframework.test.context.support.AnnotationConfigContextLoaderUtils -- Could not detect default configuration classes for test class [com.eattoday.Eattoday.chat.ChatControllerIntegrationTest]: ChatControllerIntegrationTest does not declare any static, non-private, non-final, nested classes annotated with @Configuration.
22:20:20.377 [Test worker] INFO org.springframework.boot.test.context.SpringBootTestContextBootstrapper -- Found @SpringBootConfiguration com.eattoday.Eattoday.EattodayApplication for test class com.eattoday.Eattoday.chat.ChatControllerIntegrationTest

  .   ____          _            __ _ _
 /\\ / ___'_ __ _ _(_)_ __  __ _ \ \ \ \
( ( )\___ | '_ | '_| | '_ \/ _` | \ \ \ \
 \\/  ___)| |_)| | | | | || (_| |  ) ) ) )
  '  |____| .__|_| |_|_| |_\__, | / / / /
 =========|_|==============|___/=/_/_/_/
 :: Spring Boot ::                (v3.2.2)

2025-03-26T22:20:20.518+09:00  INFO 41857 --- [    Test worker] c.e.E.c.ChatControllerIntegrationTest    : Starting ChatControllerIntegrationTest using Java 17.0.14 with PID 41857 (started by bogyeom in /Users/bogyeom/EatToday)
2025-03-26T22:20:20.519+09:00  INFO 41857 --- [    Test worker] c.e.E.c.ChatControllerIntegrationTest    : No active profile set, falling back to 1 default profile: "default"
2025-03-26T22:20:20.836+09:00  INFO 41857 --- [    Test worker] .s.d.r.c.RepositoryConfigurationDelegate : Bootstrapping Spring Data JPA repositories in DEFAULT mode.
2025-03-26T22:20:20.895+09:00  INFO 41857 --- [    Test worker] .s.d.r.c.RepositoryConfigurationDelegate : Finished Spring Data repository scanning in 56 ms. Found 5 JPA repository interfaces.
2025-03-26T22:20:21.121+09:00  INFO 41857 --- [    Test worker] o.s.b.w.embedded.tomcat.TomcatWebServer  : Tomcat initialized with port 0 (http)
2025-03-26T22:20:21.125+09:00  INFO 41857 --- [    Test worker] o.apache.catalina.core.StandardService   : Starting service [Tomcat]
2025-03-26T22:20:21.125+09:00  INFO 41857 --- [    Test worker] o.apache.catalina.core.StandardEngine    : Starting Servlet engine: [Apache Tomcat/10.1.18]
2025-03-26T22:20:21.152+09:00  INFO 41857 --- [    Test worker] o.a.c.c.C.[Tomcat].[localhost].[/]       : Initializing Spring embedded WebApplicationContext
2025-03-26T22:20:21.153+09:00  INFO 41857 --- [    Test worker] w.s.c.ServletWebServerApplicationContext : Root WebApplicationContext: initialization completed in 626 ms
2025-03-26T22:20:21.215+09:00  INFO 41857 --- [    Test worker] o.hibernate.jpa.internal.util.LogHelper  : HHH000204: Processing PersistenceUnitInfo [name: default]
2025-03-26T22:20:21.237+09:00  INFO 41857 --- [    Test worker] org.hibernate.Version                    : HHH000412: Hibernate ORM core version 6.4.1.Final
2025-03-26T22:20:21.250+09:00  INFO 41857 --- [    Test worker] o.h.c.internal.RegionFactoryInitiator    : HHH000026: Second-level cache disabled
2025-03-26T22:20:21.326+09:00  INFO 41857 --- [    Test worker] o.s.o.j.p.SpringPersistenceUnitInfo      : No LoadTimeWeaver setup: ignoring JPA class transformer
2025-03-26T22:20:21.335+09:00  INFO 41857 --- [    Test worker] com.zaxxer.hikari.HikariDataSource       : HikariPool-1 - Starting...
2025-03-26T22:20:21.559+09:00  INFO 41857 --- [    Test worker] com.zaxxer.hikari.pool.HikariPool        : HikariPool-1 - Added connection com.mysql.cj.jdbc.ConnectionImpl@54e18a46
2025-03-26T22:20:21.559+09:00  INFO 41857 --- [    Test worker] com.zaxxer.hikari.HikariDataSource       : HikariPool-1 - Start completed.
2025-03-26T22:20:21.586+09:00  WARN 41857 --- [    Test worker] org.hibernate.orm.deprecation            : HHH90000025: MySQL8Dialect does not need to be specified explicitly using 'hibernate.dialect' (remove the property setting and it will be selected by default)
2025-03-26T22:20:21.587+09:00  WARN 41857 --- [    Test worker] org.hibernate.orm.deprecation            : HHH90000026: MySQL8Dialect has been deprecated; use org.hibernate.dialect.MySQLDialect instead
2025-03-26T22:20:21.942+09:00  INFO 41857 --- [    Test worker] o.h.e.t.j.p.i.JtaPlatformInitiator       : HHH000489: No JTA platform available (set 'hibernate.transaction.jta.platform' to enable JTA platform integration)
2025-03-26T22:20:22.148+09:00  INFO 41857 --- [    Test worker] j.LocalContainerEntityManagerFactoryBean : Initialized JPA EntityManagerFactory for persistence unit 'default'
2025-03-26T22:20:22.246+09:00  INFO 41857 --- [    Test worker] o.s.d.j.r.query.QueryEnhancerFactory     : Hibernate is in classpath; If applicable, HQL parser will be used.
2025-03-26T22:20:22.634+09:00  WARN 41857 --- [    Test worker] JpaBaseConfiguration$JpaWebConfiguration : spring.jpa.open-in-view is enabled by default. Therefore, database queries may be performed during view rendering. Explicitly configure spring.jpa.open-in-view to disable this warning
2025-03-26T22:20:22.828+09:00  INFO 41857 --- [    Test worker] o.s.b.w.embedded.tomcat.TomcatWebServer  : Tomcat started on port 52981 (http) with context path ''
2025-03-26T22:20:22.829+09:00  INFO 41857 --- [    Test worker] o.s.m.s.b.SimpleBrokerMessageHandler     : Starting...
2025-03-26T22:20:22.829+09:00  INFO 41857 --- [    Test worker] o.s.m.s.b.SimpleBrokerMessageHandler     : BrokerAvailabilityEvent[available=true, SimpleBrokerMessageHandler [org.springframework.messaging.simp.broker.DefaultSubscriptionRegistry@136cd71b]]
2025-03-26T22:20:22.829+09:00  INFO 41857 --- [    Test worker] o.s.m.s.b.SimpleBrokerMessageHandler     : Started.
2025-03-26T22:20:22.835+09:00  INFO 41857 --- [    Test worker] c.e.E.c.ChatControllerIntegrationTest    : Started ChatControllerIntegrationTest in 2.408 seconds (process running for 2.842)
]]></system-out>
  <system-err><![CDATA[]]></system-err>
</testsuite>
