<?xml version="1.0" encoding="UTF-8"?>
<testsuite name="com.eattoday.Eattoday.EattodayApplicationTests" tests="1" skipped="0" failures="0" errors="0" timestamp="2024-06-07T02:57:08" hostname="MacBook-Air-3.local" time="0.694">
  <properties/>
  <testcase name="contextLoads()" classname="com.eattoday.Eattoday.EattodayApplicationTests" time="0.694"/>
  <system-out><![CDATA[11:57:02.715 [Test worker] INFO org.springframework.test.context.support.AnnotationConfigContextLoaderUtils -- Could not detect default configuration classes for test class [com.eattoday.Eattoday.EattodayApplicationTests]: EattodayApplicationTests does not declare any static, non-private, non-final, nested classes annotated with @Configuration.
11:57:02.833 [Test worker] INFO org.springframework.boot.test.context.SpringBootTestContextBootstrapper -- Found @SpringBootConfiguration com.eattoday.Eattoday.EattodayApplication for test class com.eattoday.Eattoday.EattodayApplicationTests

  .   ____          _            __ _ _
 /\\ / ___'_ __ _ _(_)_ __  __ _ \ \ \ \
( ( )\___ | '_ | '_| | '_ \/ _` | \ \ \ \
 \\/  ___)| |_)| | | | | || (_| |  ) ) ) )
  '  |____| .__|_| |_|_| |_\__, | / / / /
 =========|_|==============|___/=/_/_/_/
 :: Spring Boot ::                (v3.2.2)

2024-06-07T11:57:03.280+09:00  INFO 60059 --- [    Test worker] c.e.Eattoday.EattodayApplicationTests    : Starting EattodayApplicationTests using Java 20.0.1 with PID 60059 (started by bogyeom in /Users/bogyeom/EatToday)
2024-06-07T11:57:03.285+09:00  INFO 60059 --- [    Test worker] c.e.Eattoday.EattodayApplicationTests    : No active profile set, falling back to 1 default profile: "default"
2024-06-07T11:57:04.393+09:00  INFO 60059 --- [    Test worker] .s.d.r.c.RepositoryConfigurationDelegate : Bootstrapping Spring Data JPA repositories in DEFAULT mode.
2024-06-07T11:57:04.470+09:00  INFO 60059 --- [    Test worker] .s.d.r.c.RepositoryConfigurationDelegate : Finished Spring Data repository scanning in 70 ms. Found 3 JPA repository interfaces.
2024-06-07T11:57:05.261+09:00  INFO 60059 --- [    Test worker] com.zaxxer.hikari.HikariDataSource       : HikariPool-1 - Starting...
2024-06-07T11:57:05.879+09:00  INFO 60059 --- [    Test worker] com.zaxxer.hikari.pool.HikariPool        : HikariPool-1 - Added connection com.mysql.cj.jdbc.ConnectionImpl@46a8c2b4
2024-06-07T11:57:05.886+09:00  INFO 60059 --- [    Test worker] com.zaxxer.hikari.HikariDataSource       : HikariPool-1 - Start completed.
2024-06-07T11:57:05.986+09:00  INFO 60059 --- [    Test worker] o.hibernate.jpa.internal.util.LogHelper  : HHH000204: Processing PersistenceUnitInfo [name: default]
2024-06-07T11:57:06.023+09:00  INFO 60059 --- [    Test worker] org.hibernate.Version                    : HHH000412: Hibernate ORM core version 6.4.1.Final
2024-06-07T11:57:06.044+09:00  INFO 60059 --- [    Test worker] o.h.c.internal.RegionFactoryInitiator    : HHH000026: Second-level cache disabled
2024-06-07T11:57:06.247+09:00  INFO 60059 --- [    Test worker] o.s.o.j.p.SpringPersistenceUnitInfo      : No LoadTimeWeaver setup: ignoring JPA class transformer
2024-06-07T11:57:07.224+09:00  INFO 60059 --- [    Test worker] o.h.e.t.j.p.i.JtaPlatformInitiator       : HHH000489: No JTA platform available (set 'hibernate.transaction.jta.platform' to enable JTA platform integration)
2024-06-07T11:57:07.243+09:00  INFO 60059 --- [    Test worker] j.LocalContainerEntityManagerFactoryBean : Initialized JPA EntityManagerFactory for persistence unit 'default'
2024-06-07T11:57:07.759+09:00  INFO 60059 --- [    Test worker] o.s.d.j.r.query.QueryEnhancerFactory     : Hibernate is in classpath; If applicable, HQL parser will be used.
2024-06-07T11:57:08.124+09:00  WARN 60059 --- [    Test worker] JpaBaseConfiguration$JpaWebConfiguration : spring.jpa.open-in-view is enabled by default. Therefore, database queries may be performed during view rendering. Explicitly configure spring.jpa.open-in-view to disable this warning
2024-06-07T11:57:08.907+09:00  INFO 60059 --- [    Test worker] c.e.Eattoday.EattodayApplicationTests    : Started EattodayApplicationTests in 5.94 seconds (process running for 7.211)
]]></system-out>
  <system-err><![CDATA[]]></system-err>
</testsuite>
